#
# There is insufficient memory for the Java Runtime Environment to continue.
# Native memory allocation (mmap) failed to map 536870912 bytes for Failed to commit area from 0x0000000600a00000 to 0x0000000620a00000 of length 536870912.
# Possible reasons:
#   The system is out of physical RAM or swap space
#   The process is running with CompressedOops enabled, and the Java Heap may be blocking the growth of the native heap
# Possible solutions:
#   Reduce memory load on the system
#   Increase physical memory or swap space
#   Check if swap backing store is full
#   Decrease Java heap size (-Xmx/-Xms)
#   Decrease number of Java threads
#   Decrease Java thread stack sizes (-Xss)
#   Set larger code cache with -XX:ReservedCodeCacheSize=
# This output file may be truncated or incomplete.
#
#  Out of Memory Error (./src/hotspot/os/windows/os_windows.cpp:3619), pid=6644, tid=27940
#
# JRE version:  (11.0.13+7) (build )
# Java VM: OpenJDK 64-Bit Server VM (11.0.13+7-b1751.25, mixed mode, sharing, tiered, compressed oops, g1 gc, windows-amd64)
# No core dump will be written. Minidumps are not enabled by default on client versions of Windows
#

---------------  S U M M A R Y ------------

Command Line: git4idea.http.GitAskPassApp Username for 'https://github.com/TheoTessilimi/MyWebsite.git': 

Host: Intel(R) Core(TM) i7-6700K CPU @ 4.00GHz, 8 cores, 31G,  Windows 10 , 64 bit Build 19041 (10.0.19041.1566)
Time: Fri Mar 25 08:16:38 2022 Romance Standard Time elapsed time: 0.011886 seconds (0d 0h 0m 0s)

---------------  T H R E A D  ---------------

Current thread (0x000001f74a73f800):  JavaThread "Unknown thread" [_thread_in_vm, id=27940, stack(0x000000a85ef00000,0x000000a85f000000)]

Stack: [0x000000a85ef00000,0x000000a85f000000]
Native frames: (J=compiled Java code, j=interpreted, Vv=VM code, C=native code)
V  [jvm.dll+0x613daa]
V  [jvm.dll+0x799b30]
V  [jvm.dll+0x79b14d]
V  [jvm.dll+0x79b823]
V  [jvm.dll+0x24c958]
V  [jvm.dll+0x610e24]
V  [jvm.dll+0x605b25]
V  [jvm.dll+0x30aaab]
V  [jvm.dll+0x30aa1a]
V  [jvm.dll+0x30a8f2]
V  [jvm.dll+0x30f856]
V  [jvm.dll+0x359143]
V  [jvm.dll+0x359846]
V  [jvm.dll+0x359243]
V  [jvm.dll+0x2e57a8]
V  [jvm.dll+0x2e6947]
V  [jvm.dll+0x776d47]
V  [jvm.dll+0x77853c]
V  [jvm.dll+0x3666c9]
V  [jvm.dll+0x75a9ce]
V  [jvm.dll+0x3d47d3]
V  [jvm.dll+0x3d6d21]
C  [jli.dll+0x536b]
C  [ucrtbase.dll+0x21bb2]
C  [KERNEL32.DLL+0x17034]
C  [ntdll.dll+0x52651]


---------------  P R O C E S S  ---------------

Threads class SMR info:
_java_thread_list=0x000001f748694e70, length=0, elements={
}

Java Threads: ( => current thread )

Other Threads:
  0x000001f74a75a000 GCTaskThread "GC Thread#0" [stack: 0x000000a85f000000,0x000000a85f100000] [id=28224]
  0x000001f74a7d7800 ConcurrentGCThread "G1 Main Marker" [stack: 0x000000a85f100000,0x000000a85f200000] [id=34824]
  0x000001f74a7d9000 ConcurrentGCThread "G1 Conc#0" [stack: 0x000000a85f200000,0x000000a85f300000] [id=2380]

[error occurred during error reporting (printing all threads), id 0xc0000005, EXCEPTION_ACCESS_VIOLATION (0xc0000005) at pc=0x00007fffc6ca5c97]

VM state:not at safepoint (not fully initialized)

VM Mutex/Monitor currently owned by a thread:  ([mutex/lock_event])
[0x000001f74a73c230] Heap_lock - owner thread: 0x000001f74a73f800

Heap address: 0x0000000600a00000, size: 8182 MB, Compressed Oops mode: Non-zero based: 0x0000000600a00000
Narrow klass base: 0x0000000000000000, Narrow klass shift: 0

GC Heap History (0 events):
No events

Deoptimization events (0 events):
No events

Classes redefined (0 events):
No events

Internal exceptions (0 events):
No events

Events (1 events):
Event: 0.008 Loaded shared library C:\Users\tessi\AppData\Local\JetBrains\Toolbox\apps\PhpStorm\ch-0\213.6777.58\jbr\bin\zip.dll


Dynamic libraries:
0x00007ff630c20000 - 0x00007ff630c2a000 	C:\Users\tessi\AppData\Local\JetBrains\Toolbox\apps\PhpStorm\ch-0\213.6777.58\jbr\bin\java.exe
0x00007ff85d3b0000 - 0x00007ff85d5a5000 	C:\windows\SYSTEM32\ntdll.dll
0x00007ff85c7f0000 - 0x00007ff85c8ae000 	C:\windows\System32\KERNEL32.DLL
0x00007ff85afe0000 - 0x00007ff85b2a8000 	C:\windows\System32\KERNELBASE.dll
0x00007ff85ab70000 - 0x00007ff85ac70000 	C:\windows\System32\ucrtbase.dll
0x00007ff8286b0000 - 0x00007ff8286c9000 	C:\Users\tessi\AppData\Local\JetBrains\Toolbox\apps\PhpStorm\ch-0\213.6777.58\jbr\bin\jli.dll
0x00007ff8286d0000 - 0x00007ff8286e7000 	C:\Users\tessi\AppData\Local\JetBrains\Toolbox\apps\PhpStorm\ch-0\213.6777.58\jbr\bin\VCRUNTIME140.dll
0x00007ff85c100000 - 0x00007ff85c2a0000 	C:\windows\System32\USER32.dll
0x00007ff84c8a0000 - 0x00007ff84cb3a000 	C:\windows\WinSxS\amd64_microsoft.windows.common-controls_6595b64144ccf1df_6.0.19041.1110_none_60b5254171f9507e\COMCTL32.dll
0x00007ff85ab40000 - 0x00007ff85ab62000 	C:\windows\System32\win32u.dll
0x00007ff85c060000 - 0x00007ff85c0fe000 	C:\windows\System32\msvcrt.dll
0x00007ff85cc50000 - 0x00007ff85cc7b000 	C:\windows\System32\GDI32.dll
0x00007ff85b300000 - 0x00007ff85b40b000 	C:\windows\System32\gdi32full.dll
0x00007ff85ac70000 - 0x00007ff85ad0d000 	C:\windows\System32\msvcp_win.dll
0x00007ff85c8c0000 - 0x00007ff85c8f0000 	C:\windows\System32\IMM32.DLL
0x00007fffa6440000 - 0x00007fffa64dd000 	C:\Users\tessi\AppData\Local\JetBrains\Toolbox\apps\PhpStorm\ch-0\213.6777.58\jbr\bin\msvcp140.dll
0x00007fffc69b0000 - 0x00007fffc7526000 	C:\Users\tessi\AppData\Local\JetBrains\Toolbox\apps\PhpStorm\ch-0\213.6777.58\jbr\bin\server\jvm.dll
0x00007ff85bdf0000 - 0x00007ff85be9e000 	C:\windows\System32\ADVAPI32.dll
0x00007ff85c580000 - 0x00007ff85c61c000 	C:\windows\System32\sechost.dll
0x00007ff85c2a0000 - 0x00007ff85c3c5000 	C:\windows\System32\RPCRT4.dll
0x00007ff85c8b0000 - 0x00007ff85c8b8000 	C:\windows\System32\PSAPI.DLL
0x00007ff845250000 - 0x00007ff845259000 	C:\windows\SYSTEM32\WSOCK32.dll
0x00007ff84ee90000 - 0x00007ff84eeb7000 	C:\windows\SYSTEM32\WINMM.dll
0x00007ff855810000 - 0x00007ff85581a000 	C:\windows\SYSTEM32\VERSION.dll
0x00007ff85cc80000 - 0x00007ff85cceb000 	C:\windows\System32\WS2_32.dll
0x00007ff8596a0000 - 0x00007ff8596b2000 	C:\windows\SYSTEM32\kernel.appcore.dll
0x00007ff856a80000 - 0x00007ff856a91000 	C:\Users\tessi\AppData\Local\JetBrains\Toolbox\apps\PhpStorm\ch-0\213.6777.58\jbr\bin\verify.dll
0x00007ff859140000 - 0x00007ff859324000 	C:\windows\SYSTEM32\DBGHELP.DLL
0x00007ff851e80000 - 0x00007ff851eac000 	C:\windows\SYSTEM32\dbgcore.DLL
0x00007ff85af50000 - 0x00007ff85afd2000 	C:\windows\System32\bcryptPrimitives.dll
0x00007ff856a40000 - 0x00007ff856a69000 	C:\Users\tessi\AppData\Local\JetBrains\Toolbox\apps\PhpStorm\ch-0\213.6777.58\jbr\bin\java.dll
0x00007ff857d40000 - 0x00007ff857d4b000 	C:\Users\tessi\AppData\Local\JetBrains\Toolbox\apps\PhpStorm\ch-0\213.6777.58\jbr\bin\jimage.dll
0x00007ff856a20000 - 0x00007ff856a38000 	C:\Users\tessi\AppData\Local\JetBrains\Toolbox\apps\PhpStorm\ch-0\213.6777.58\jbr\bin\zip.dll

dbghelp: loaded successfully - version: 4.0.5 - missing functions: none
symbol engine: initialized successfully - sym options: 0x614 - pdb path: .;C:\Users\tessi\AppData\Local\JetBrains\Toolbox\apps\PhpStorm\ch-0\213.6777.58\jbr\bin;C:\windows\SYSTEM32;C:\windows\WinSxS\amd64_microsoft.windows.common-controls_6595b64144ccf1df_6.0.19041.1110_none_60b5254171f9507e;C:\Users\tessi\AppData\Local\JetBrains\Toolbox\apps\PhpStorm\ch-0\213.6777.58\jbr\bin\server

VM Arguments:
java_command: git4idea.http.GitAskPassApp Username for 'https://github.com/TheoTessilimi/MyWebsite.git': 
java_class_path (initial): C:/Users/tessi/AppData/Local/JetBrains/Toolbox/apps/PhpStorm/ch-0/213.6777.58/plugins/git4idea/lib/git4idea-rt.jar;C:/Users/tessi/AppData/Local/JetBrains/Toolbox/apps/PhpStorm/ch-0/213.6777.58/lib/3rd-party.jar;C:/Users/tessi/AppData/Local/JetBrains/Toolbox/apps/PhpStorm/ch-0/213.6777.58/lib/3rd-party-rt.jar
Launcher Type: SUN_STANDARD

[Global flags]
     intx CICompilerCount                          = 4                                         {product} {ergonomic}
     uint ConcGCThreads                            = 2                                         {product} {ergonomic}
     uint G1ConcRefinementThreads                  = 8                                         {product} {ergonomic}
   size_t G1HeapRegionSize                         = 2097152                                   {product} {ergonomic}
    uintx GCDrainStackTargetSize                   = 64                                        {product} {ergonomic}
   size_t InitialHeapSize                          = 536870912                                 {product} {ergonomic}
   size_t MarkStackSize                            = 4194304                                   {product} {ergonomic}
   size_t MaxHeapSize                              = 8579448832                                {product} {ergonomic}
   size_t MinHeapDeltaBytes                        = 2097152                                   {product} {ergonomic}
    uintx NonNMethodCodeHeapSize                   = 5836300                                {pd product} {ergonomic}
    uintx NonProfiledCodeHeapSize                  = 122910970                              {pd product} {ergonomic}
    uintx ProfiledCodeHeapSize                     = 122910970                              {pd product} {ergonomic}
    uintx ReservedCodeCacheSize                    = 251658240                              {pd product} {ergonomic}
     bool SegmentedCodeCache                       = true                                      {product} {ergonomic}
     bool UseCompressedClassPointers               = true                                 {lp64_product} {ergonomic}
     bool UseCompressedOops                        = true                                 {lp64_product} {ergonomic}
     bool UseG1GC                                  = true                                      {product} {ergonomic}
     bool UseLargePagesIndividualAllocation        = false                                  {pd product} {ergonomic}

Logging:
Log output configuration:
 #0: stdout all=warning uptime,level,tags
 #1: stderr all=off uptime,level,tags

Environment Variables:
JAVA_HOME=B:\Java-JDK
PATH=B:/Environement/Git/mingw64/libexec/git-core;B:/Environement/Git/mingw64/libexec/git-core;B:\Environement\Git\mingw64\bin;B:\Environement\Git\usr\bin;C:\Users\tessi\bin;C:\Program Files (x86)\Common Files\Oracle\Java\javapath;C:\windows\system32;C:\windows;C:\windows\System32\Wbem;C:\windows\System32\WindowsPowerShell\v1.0\;C:\Program Files (x86)\NVIDIA Corporation\PhysX\Common;C:\WINDOWS\system32;C:\WINDOWS;C:\WINDOWS\System32\Wbem;C:\WINDOWS\System32\WindowsPowerShell\v1.0\;C:\WINDOWS\System32\OpenSSH\;C:\Program Files\dotnet\;C:\Program Files\NVIDIA Corporation\NVIDIA NvDLISR;C:\Program Files (x86)\dotnet\;B:\wamp64\bin\php\php8.1.0;B:\Environement\Git\cmd;B:\cmder;B:\ComposerSetup;B:\nodejs\;C:\Program Files\Docker\Docker\resources\bin;C:\ProgramData\DockerDesktop\version-bin;C:\Users\tessi\scoop\apps\yarn\current\global\node_modules\.bin;C:\Users\tessi\scoop\apps\yarn\current\bin;B:\wamp64\bin\php\php8.1.0\php.exe;C:\Program Files (x86)\Common Files\Oracle\Java\javapath;C:\windows\system32;C:\windows;C:\windows\System32\Wbem;C:\windows\System32\WindowsPowerShell\v1.0\;C:\Program Files (x86)\NVIDIA Corporation\PhysX\Common;C:\WINDOWS\system32;C:\WINDOWS;C:\WINDOWS\System32\Wbem;C:\WINDOWS\System32\WindowsPowerShell\v1.0\;C:\WINDOWS\System32\OpenSSH\;C:\Program Files\dotnet\;C:\Program Files\NVIDIA Corporation\NVIDIA NvDLISR;C:\Program Files (x86)\dotnet\;B:\Environement\Git\cmd;B:\cmder;B:\ComposerSetup;C:\Users\tessi\scoop\shims;C:\Users\tessi\AppData\Local\Microsoft\WindowsApps;A:\Microsoft VS Code\bin;C:\Users\tessi\AppData\Local\GitHubDesktop\bin;C:\Users\tessi\AppData\Roaming\Composer\vendor\bin;C:\Users\tessi\.platformsh\bin;C:\Users\tessi\AppData\Roaming\npm
USERNAME=Théo
DISPLAY=:0.0
LC_ALL=en_US.UTF-8
OS=Windows_NT
PROCESSOR_IDENTIFIER=Intel64 Family 6 Model 94 Stepping 3, GenuineIntel



---------------  S Y S T E M  ---------------

OS: Windows 10 , 64 bit Build 19041 (10.0.19041.1566)
OS uptime: 7 days 12:18 hours
Hyper-V role detected

CPU:total 8 (initial active 8) (4 cores per cpu, 2 threads per core) family 6 model 94 stepping 3 microcode 0xcc, cmov, cx8, fxsr, mmx, sse, sse2, sse3, ssse3, sse4.1, sse4.2, popcnt, avx, avx2, aes, clmul, erms, rtm, 3dnowpref, lzcnt, ht, tsc, tscinvbit, bmi1, bmi2, adx, fma

Memory: 4k page, system-wide physical 32727M (14442M free)
TotalPageFile size 87714M (AvailPageFile size 205M)
current process WorkingSet (physical memory assigned to process): 10M, peak: 10M
current process commit charge ("private bytes"): 60M, peak: 572M

vm_info: OpenJDK 64-Bit Server VM (11.0.13+7-b1751.25) for windows-amd64 JRE (11.0.13+7-b1751.25), built on Jan 13 2022 20:47:27 by "" with MS VC++ 14.0 (VS2015)

END.
