#
# There is insufficient memory for the Java Runtime Environment to continue.
# Native memory allocation (malloc) failed to allocate 1048576 bytes for AllocateHeap
# Possible reasons:
#   The system is out of physical RAM or swap space
#   The process is running with CompressedOops enabled, and the Java Heap may be blocking the growth of the native heap
# Possible solutions:
#   Reduce memory load on the system
#   Increase physical memory or swap space
#   Check if swap backing store is full
#   Decrease Java heap size (-Xmx/-Xms)
#   Decrease number of Java threads
#   Decrease Java thread stack sizes (-Xss)
#   Set larger code cache with -XX:ReservedCodeCacheSize=
#   JVM is running with Zero Based Compressed Oops mode in which the Java heap is
#     placed in the first 32GB address space. The Java Heap base address is the
#     maximum limit for the native heap growth. Please use -XX:HeapBaseMinAddress
#     to set the Java Heap base and to place the Java Heap above 32GB virtual address.
# This output file may be truncated or incomplete.
#
#  Out of Memory Error (./src/hotspot/share/memory/allocation.cpp:46), pid=10204, tid=36040
#
# JRE version: OpenJDK Runtime Environment JBR-11.0.13.7-1751.25-jcef (11.0.13+7) (build 11.0.13+7-b1751.25)
# Java VM: OpenJDK 64-Bit Server VM JBR-11.0.13.7-1751.25-jcef (11.0.13+7-b1751.25, mixed mode, tiered, compressed oops, g1 gc, windows-amd64)
# No core dump will be written. Minidumps are not enabled by default on client versions of Windows
#

---------------  S U M M A R Y ------------

Command Line: git4idea.http.GitAskPassApp Username for 'https://github.com/TheoTessilimi/MyWebsite.git': 

Host: Intel(R) Core(TM) i7-6700K CPU @ 4.00GHz, 8 cores, 31G,  Windows 10 , 64 bit Build 19041 (10.0.19041.1566)
Time: Fri Mar 25 10:16:38 2022 Romance Standard Time elapsed time: 0.237643 seconds (0d 0h 0m 0s)

---------------  T H R E A D  ---------------

Current thread (0x000001b4d5b31800):  VMThread "VM Thread" [stack: 0x0000007a78f00000,0x0000007a79000000] [id=36040]

Stack: [0x0000007a78f00000,0x0000007a79000000]
[error occurred during error reporting (printing stack bounds), id 0xc0000005, EXCEPTION_ACCESS_VIOLATION (0xc0000005) at pc=0x000001b4b039112d]

Native frames: (J=compiled Java code, j=interpreted, Vv=VM code, C=native code)
V  [jvm.dll+0x613daa]
V  [jvm.dll+0x799b30]
V  [jvm.dll+0x79b14d]
V  [jvm.dll+0x79b785]
V  [jvm.dll+0x79b73b]
V  [jvm.dll+0x612ed4]
V  [jvm.dll+0x613668]
C  [ntdll.dll+0xa20cf]
C  [ntdll.dll+0x51454]
C  [ntdll.dll+0xa0bfe]
C  0x000001b4b039112d

VM_Operation (0x0000007a789fe090): CollectForMetadataAllocation, mode: safepoint, requested by thread 0x000001b4ac746000


---------------  P R O C E S S  ---------------

Threads class SMR info:
_java_thread_list=0x000001b4d5d48d70, length=12, elements={
0x000001b4ac746000, 0x000001b4d5b53000, 0x000001b4d5b54000, 0x000001b4d5b74800,
0x000001b4d5b78000, 0x000001b4d5b79000, 0x000001b4d5b7c800, 0x000001b4d5bcc800,
0x000001b4d5bd8800, 0x000001b4d5d42800, 0x000001b4d5d3f000, 0x000001b4d5d75000
}

Java Threads: ( => current thread )
  0x000001b4ac746000 JavaThread "main" [_thread_blocked, id=38908, stack(0x0000007a78900000,0x0000007a78a00000)]
  0x000001b4d5b53000 JavaThread "Reference Handler" daemon [_thread_blocked, id=26580, stack(0x0000007a79000000,0x0000007a79100000)]
  0x000001b4d5b54000 JavaThread "Finalizer" daemon [_thread_blocked, id=28184, stack(0x0000007a79100000,0x0000007a79200000)]
  0x000001b4d5b74800 JavaThread "Signal Dispatcher" daemon [_thread_blocked, id=33284, stack(0x0000007a79200000,0x0000007a79300000)]
  0x000001b4d5b78000 JavaThread "Attach Listener" daemon [_thread_blocked, id=26148, stack(0x0000007a79300000,0x0000007a79400000)]
  0x000001b4d5b79000 JavaThread "Service Thread" daemon [_thread_blocked, id=21988, stack(0x0000007a79400000,0x0000007a79500000)]
  0x000001b4d5b7c800 JavaThread "C2 CompilerThread0" daemon [_thread_blocked, id=32732, stack(0x0000007a79500000,0x0000007a79600000)]
  0x000001b4d5bcc800 JavaThread "C1 CompilerThread0" daemon [_thread_blocked, id=26376, stack(0x0000007a79600000,0x0000007a79700000)]
  0x000001b4d5bd8800 JavaThread "Sweeper thread" daemon [_thread_blocked, id=38812, stack(0x0000007a79700000,0x0000007a79800000)]
  0x000001b4d5d42800 JavaThread "Common-Cleaner" daemon [_thread_blocked, id=25608, stack(0x0000007a79900000,0x0000007a79a00000)]
  0x000001b4d5d3f000 JavaThread "C2 CompilerThread1" daemon [_thread_blocked, id=3992, stack(0x0000007a79a00000,0x0000007a79b00000)]
  0x000001b4d5d75000 JavaThread "C2 CompilerThread2" daemon [_thread_blocked, id=38624, stack(0x0000007a79b00000,0x0000007a79c00000)]

Other Threads:
=>0x000001b4d5b31800 VMThread "VM Thread" [stack: 0x0000007a78f00000,0x0000007a79000000] [id=36040]
  0x000001b4d5d3c000 WatcherThread [stack: 0x0000007a79800000,0x0000007a79900000] [id=30872]
  0x000001b4ac758800 GCTaskThread "GC Thread#0" [stack: 0x0000007a78a00000,0x0000007a78b00000] [id=38384]
  0x000001b4d61a9000 GCTaskThread "GC Thread#1" [stack: 0x0000007a79c00000,0x0000007a79d00000] [id=30016]
  0x000001b4d61aa000 GCTaskThread "GC Thread#2" [stack: 0x0000007a79d00000,0x0000007a79e00000] [id=37812]
  0x000001b4d6252000 GCTaskThread "GC Thread#3" [stack: 0x0000007a79e00000,0x0000007a79f00000] [id=37448]
  0x000001b4d61e4000 GCTaskThread "GC Thread#4" [stack: 0x0000007a79f00000,0x0000007a7a000000] [id=12272]
  0x000001b4d61e5000 GCTaskThread "GC Thread#5" [stack: 0x0000007a7a000000,0x0000007a7a100000] [id=19188]
  0x000001b4d61e5800 GCTaskThread "GC Thread#6" [stack: 0x0000007a7a100000,0x0000007a7a200000] [id=6420]
  0x000001b4d61ea800 GCTaskThread "GC Thread#7" [stack: 0x0000007a7a200000,0x0000007a7a300000] [id=14416]
  0x000001b4ac7d7800 ConcurrentGCThread "G1 Main Marker" [stack: 0x0000007a78b00000,0x0000007a78c00000] [id=25176]
  0x000001b4ac7d9000 ConcurrentGCThread "G1 Conc#0" [stack: 0x0000007a78c00000,0x0000007a78d00000] [id=27304]
  0x000001b4d61ed000 ConcurrentGCThread "G1 Conc#1" [stack: 0x0000007a7a300000,0x0000007a7a400000] [id=28944]
  0x000001b4d518c000 ConcurrentGCThread "G1 Refine#0" [stack: 0x0000007a78d00000,0x0000007a78e00000] [id=26420]
  0x000001b4d518e800 ConcurrentGCThread "G1 Young RemSet Sampling" [stack: 0x0000007a78e00000,0x0000007a78f00000] [id=1448]

Threads with active compile tasks:

VM state:at safepoint (normal execution)

VM Mutex/Monitor currently owned by a thread:  ([mutex/lock_event])
[0x000001b4ac741c00] Threads_lock - owner thread: 0x000001b4d5b31800
[0x000001b4ac7416f0] Heap_lock - owner thread: 0x000001b4ac746000

Heap address: 0x0000000600a00000, size: 8182 MB, Compressed Oops mode: Zero based, Oop shift amount: 3
Narrow klass base: 0x0000000800000000, Narrow klass shift: 0
Compressed class space size: 1073741824 Address: 0x0000000800000000

Heap:
 garbage-first heap   total 524288K, used 8240K [0x0000000600a00000, 0x0000000800000000)
  region size 2048K, 2 young (4096K), 2 survivors (4096K)
 Metaspace       used 7509K, capacity 7574K, committed 7680K, reserved 1069056K
  class space    used 663K, capacity 713K, committed 768K, reserved 1048576K
Heap Regions: E=young(eden), S=young(survivor), O=old, HS=humongous(starts), HC=humongous(continues), CS=collection set, F=free, A=archive, TAMS=top-at-mark-start (previous, next)
|   0|0x0000000600a00000, 0x0000000600c00000, 0x0000000600c00000|100%|HS|  |TAMS 0x0000000600a00000, 0x0000000600c00000| Complete 
|   1|0x0000000600c00000, 0x0000000600e00000, 0x0000000600e00000|100%|HC|  |TAMS 0x0000000600c00000, 0x0000000600e00000| Complete 
|   2|0x0000000600e00000, 0x0000000600e0c200, 0x0000000601000000|  2%| O|  |TAMS 0x0000000600e00000, 0x0000000600e0c200| Untracked 
|   3|0x0000000601000000, 0x0000000601000000, 0x0000000601200000|  0%| F|  |TAMS 0x0000000601000000, 0x0000000601000000| Untracked 
|   4|0x0000000601200000, 0x0000000601200000, 0x0000000601400000|  0%| F|  |TAMS 0x0000000601200000, 0x0000000601200000| Untracked 
|   5|0x0000000601400000, 0x0000000601400000, 0x0000000601600000|  0%| F|  |TAMS 0x0000000601400000, 0x0000000601400000| Untracked 
|   6|0x0000000601600000, 0x0000000601600000, 0x0000000601800000|  0%| F|  |TAMS 0x0000000601600000, 0x0000000601600000| Untracked 
|   7|0x0000000601800000, 0x0000000601800000, 0x0000000601a00000|  0%| F|  |TAMS 0x0000000601800000, 0x0000000601800000| Untracked 
|   8|0x0000000601a00000, 0x0000000601a00000, 0x0000000601c00000|  0%| F|  |TAMS 0x0000000601a00000, 0x0000000601a00000| Untracked 
|   9|0x0000000601c00000, 0x0000000601c00000, 0x0000000601e00000|  0%| F|  |TAMS 0x0000000601c00000, 0x0000000601c00000| Untracked 
|  10|0x0000000601e00000, 0x0000000601e00000, 0x0000000602000000|  0%| F|  |TAMS 0x0000000601e00000, 0x0000000601e00000| Untracked 
|  11|0x0000000602000000, 0x0000000602000000, 0x0000000602200000|  0%| F|  |TAMS 0x0000000602000000, 0x0000000602000000| Untracked 
|  12|0x0000000602200000, 0x0000000602200000, 0x0000000602400000|  0%| F|  |TAMS 0x0000000602200000, 0x0000000602200000| Untracked 
|  13|0x0000000602400000, 0x0000000602400000, 0x0000000602600000|  0%| F|  |TAMS 0x0000000602400000, 0x0000000602400000| Untracked 
|  14|0x0000000602600000, 0x0000000602600000, 0x0000000602800000|  0%| F|  |TAMS 0x0000000602600000, 0x0000000602600000| Untracked 
|  15|0x0000000602800000, 0x0000000602800000, 0x0000000602a00000|  0%| F|  |TAMS 0x0000000602800000, 0x0000000602800000| Untracked 
|  16|0x0000000602a00000, 0x0000000602a00000, 0x0000000602c00000|  0%| F|  |TAMS 0x0000000602a00000, 0x0000000602a00000| Untracked 
|  17|0x0000000602c00000, 0x0000000602c00000, 0x0000000602e00000|  0%| F|  |TAMS 0x0000000602c00000, 0x0000000602c00000| Untracked 
|  18|0x0000000602e00000, 0x0000000602e00000, 0x0000000603000000|  0%| F|  |TAMS 0x0000000602e00000, 0x0000000602e00000| Untracked 
|  19|0x0000000603000000, 0x0000000603000000, 0x0000000603200000|  0%| F|  |TAMS 0x0000000603000000, 0x0000000603000000| Untracked 
|  20|0x0000000603200000, 0x0000000603200000, 0x0000000603400000|  0%| F|  |TAMS 0x0000000603200000, 0x0000000603200000| Untracked 
|  21|0x0000000603400000, 0x0000000603400000, 0x0000000603600000|  0%| F|  |TAMS 0x0000000603400000, 0x0000000603400000| Untracked 
|  22|0x0000000603600000, 0x0000000603600000, 0x0000000603800000|  0%| F|  |TAMS 0x0000000603600000, 0x0000000603600000| Untracked 
|  23|0x0000000603800000, 0x0000000603800000, 0x0000000603a00000|  0%| F|  |TAMS 0x0000000603800000, 0x0000000603800000| Untracked 
|  24|0x0000000603a00000, 0x0000000603a00000, 0x0000000603c00000|  0%| F|  |TAMS 0x0000000603a00000, 0x0000000603a00000| Untracked 
|  25|0x0000000603c00000, 0x0000000603c00000, 0x0000000603e00000|  0%| F|  |TAMS 0x0000000603c00000, 0x0000000603c00000| Untracked 
|  26|0x0000000603e00000, 0x0000000603e00000, 0x0000000604000000|  0%| F|  |TAMS 0x0000000603e00000, 0x0000000603e00000| Untracked 
|  27|0x0000000604000000, 0x0000000604000000, 0x0000000604200000|  0%| F|  |TAMS 0x0000000604000000, 0x0000000604000000| Untracked 
|  28|0x0000000604200000, 0x0000000604200000, 0x0000000604400000|  0%| F|  |TAMS 0x0000000604200000, 0x0000000604200000| Untracked 
|  29|0x0000000604400000, 0x0000000604400000, 0x0000000604600000|  0%| F|  |TAMS 0x0000000604400000, 0x0000000604400000| Untracked 
|  30|0x0000000604600000, 0x0000000604600000, 0x0000000604800000|  0%| F|  |TAMS 0x0000000604600000, 0x0000000604600000| Untracked 
|  31|0x0000000604800000, 0x0000000604800000, 0x0000000604a00000|  0%| F|  |TAMS 0x0000000604800000, 0x0000000604800000| Untracked 
|  32|0x0000000604a00000, 0x0000000604a00000, 0x0000000604c00000|  0%| F|  |TAMS 0x0000000604a00000, 0x0000000604a00000| Untracked 
|  33|0x0000000604c00000, 0x0000000604c00000, 0x0000000604e00000|  0%| F|  |TAMS 0x0000000604c00000, 0x0000000604c00000| Untracked 
|  34|0x0000000604e00000, 0x0000000604e00000, 0x0000000605000000|  0%| F|  |TAMS 0x0000000604e00000, 0x0000000604e00000| Untracked 
|  35|0x0000000605000000, 0x0000000605000000, 0x0000000605200000|  0%| F|  |TAMS 0x0000000605000000, 0x0000000605000000| Untracked 
|  36|0x0000000605200000, 0x0000000605200000, 0x0000000605400000|  0%| F|  |TAMS 0x0000000605200000, 0x0000000605200000| Untracked 
|  37|0x0000000605400000, 0x0000000605400000, 0x0000000605600000|  0%| F|  |TAMS 0x0000000605400000, 0x0000000605400000| Untracked 
|  38|0x0000000605600000, 0x0000000605600000, 0x0000000605800000|  0%| F|  |TAMS 0x0000000605600000, 0x0000000605600000| Untracked 
|  39|0x0000000605800000, 0x0000000605800000, 0x0000000605a00000|  0%| F|  |TAMS 0x0000000605800000, 0x0000000605800000| Untracked 
|  40|0x0000000605a00000, 0x0000000605a00000, 0x0000000605c00000|  0%| F|  |TAMS 0x0000000605a00000, 0x0000000605a00000| Untracked 
|  41|0x0000000605c00000, 0x0000000605c00000, 0x0000000605e00000|  0%| F|  |TAMS 0x0000000605c00000, 0x0000000605c00000| Untracked 
|  42|0x0000000605e00000, 0x0000000605e00000, 0x0000000606000000|  0%| F|  |TAMS 0x0000000605e00000, 0x0000000605e00000| Untracked 
|  43|0x0000000606000000, 0x0000000606000000, 0x0000000606200000|  0%| F|  |TAMS 0x0000000606000000, 0x0000000606000000| Untracked 
|  44|0x0000000606200000, 0x0000000606200000, 0x0000000606400000|  0%| F|  |TAMS 0x0000000606200000, 0x0000000606200000| Untracked 
|  45|0x0000000606400000, 0x0000000606400000, 0x0000000606600000|  0%| F|  |TAMS 0x0000000606400000, 0x0000000606400000| Untracked 
|  46|0x0000000606600000, 0x0000000606600000, 0x0000000606800000|  0%| F|  |TAMS 0x0000000606600000, 0x0000000606600000| Untracked 
|  47|0x0000000606800000, 0x0000000606800000, 0x0000000606a00000|  0%| F|  |TAMS 0x0000000606800000, 0x0000000606800000| Untracked 
|  48|0x0000000606a00000, 0x0000000606a00000, 0x0000000606c00000|  0%| F|  |TAMS 0x0000000606a00000, 0x0000000606a00000| Untracked 
|  49|0x0000000606c00000, 0x0000000606c00000, 0x0000000606e00000|  0%| F|  |TAMS 0x0000000606c00000, 0x0000000606c00000| Untracked 
|  50|0x0000000606e00000, 0x0000000606e00000, 0x0000000607000000|  0%| F|  |TAMS 0x0000000606e00000, 0x0000000606e00000| Untracked 
|  51|0x0000000607000000, 0x0000000607000000, 0x0000000607200000|  0%| F|  |TAMS 0x0000000607000000, 0x0000000607000000| Untracked 
|  52|0x0000000607200000, 0x0000000607200000, 0x0000000607400000|  0%| F|  |TAMS 0x0000000607200000, 0x0000000607200000| Untracked 
|  53|0x0000000607400000, 0x0000000607400000, 0x0000000607600000|  0%| F|  |TAMS 0x0000000607400000, 0x0000000607400000| Untracked 
|  54|0x0000000607600000, 0x0000000607600000, 0x0000000607800000|  0%| F|  |TAMS 0x0000000607600000, 0x0000000607600000| Untracked 
|  55|0x0000000607800000, 0x0000000607800000, 0x0000000607a00000|  0%| F|  |TAMS 0x0000000607800000, 0x0000000607800000| Untracked 
|  56|0x0000000607a00000, 0x0000000607a00000, 0x0000000607c00000|  0%| F|  |TAMS 0x0000000607a00000, 0x0000000607a00000| Untracked 
|  57|0x0000000607c00000, 0x0000000607c00000, 0x0000000607e00000|  0%| F|  |TAMS 0x0000000607c00000, 0x0000000607c00000| Untracked 
|  58|0x0000000607e00000, 0x0000000607e00000, 0x0000000608000000|  0%| F|  |TAMS 0x0000000607e00000, 0x0000000607e00000| Untracked 
|  59|0x0000000608000000, 0x0000000608000000, 0x0000000608200000|  0%| F|  |TAMS 0x0000000608000000, 0x0000000608000000| Untracked 
|  60|0x0000000608200000, 0x0000000608200000, 0x0000000608400000|  0%| F|  |TAMS 0x0000000608200000, 0x0000000608200000| Untracked 
|  61|0x0000000608400000, 0x0000000608400000, 0x0000000608600000|  0%| F|  |TAMS 0x0000000608400000, 0x0000000608400000| Untracked 
|  62|0x0000000608600000, 0x0000000608600000, 0x0000000608800000|  0%| F|  |TAMS 0x0000000608600000, 0x0000000608600000| Untracked 
|  63|0x0000000608800000, 0x0000000608800000, 0x0000000608a00000|  0%| F|  |TAMS 0x0000000608800000, 0x0000000608800000| Untracked 
|  64|0x0000000608a00000, 0x0000000608a00000, 0x0000000608c00000|  0%| F|  |TAMS 0x0000000608a00000, 0x0000000608a00000| Untracked 
|  65|0x0000000608c00000, 0x0000000608c00000, 0x0000000608e00000|  0%| F|  |TAMS 0x0000000608c00000, 0x0000000608c00000| Untracked 
|  66|0x0000000608e00000, 0x0000000608e00000, 0x0000000609000000|  0%| F|  |TAMS 0x0000000608e00000, 0x0000000608e00000| Untracked 
|  67|0x0000000609000000, 0x0000000609000000, 0x0000000609200000|  0%| F|  |TAMS 0x0000000609000000, 0x0000000609000000| Untracked 
|  68|0x0000000609200000, 0x0000000609200000, 0x0000000609400000|  0%| F|  |TAMS 0x0000000609200000, 0x0000000609200000| Untracked 
|  69|0x0000000609400000, 0x0000000609400000, 0x0000000609600000|  0%| F|  |TAMS 0x0000000609400000, 0x0000000609400000| Untracked 
|  70|0x0000000609600000, 0x0000000609600000, 0x0000000609800000|  0%| F|  |TAMS 0x0000000609600000, 0x0000000609600000| Untracked 
|  71|0x0000000609800000, 0x0000000609800000, 0x0000000609a00000|  0%| F|  |TAMS 0x0000000609800000, 0x0000000609800000| Untracked 
|  72|0x0000000609a00000, 0x0000000609a00000, 0x0000000609c00000|  0%| F|  |TAMS 0x0000000609a00000, 0x0000000609a00000| Untracked 
|  73|0x0000000609c00000, 0x0000000609c00000, 0x0000000609e00000|  0%| F|  |TAMS 0x0000000609c00000, 0x0000000609c00000| Untracked 
|  74|0x0000000609e00000, 0x0000000609e00000, 0x000000060a000000|  0%| F|  |TAMS 0x0000000609e00000, 0x0000000609e00000| Untracked 
|  75|0x000000060a000000, 0x000000060a000000, 0x000000060a200000|  0%| F|  |TAMS 0x000000060a000000, 0x000000060a000000| Untracked 
|  76|0x000000060a200000, 0x000000060a200000, 0x000000060a400000|  0%| F|  |TAMS 0x000000060a200000, 0x000000060a200000| Untracked 
|  77|0x000000060a400000, 0x000000060a400000, 0x000000060a600000|  0%| F|  |TAMS 0x000000060a400000, 0x000000060a400000| Untracked 
|  78|0x000000060a600000, 0x000000060a600000, 0x000000060a800000|  0%| F|  |TAMS 0x000000060a600000, 0x000000060a600000| Untracked 
|  79|0x000000060a800000, 0x000000060a800000, 0x000000060aa00000|  0%| F|  |TAMS 0x000000060a800000, 0x000000060a800000| Untracked 
|  80|0x000000060aa00000, 0x000000060aa00000, 0x000000060ac00000|  0%| F|  |TAMS 0x000000060aa00000, 0x000000060aa00000| Untracked 
|  81|0x000000060ac00000, 0x000000060ac00000, 0x000000060ae00000|  0%| F|  |TAMS 0x000000060ac00000, 0x000000060ac00000| Untracked 
|  82|0x000000060ae00000, 0x000000060ae00000, 0x000000060b000000|  0%| F|  |TAMS 0x000000060ae00000, 0x000000060ae00000| Untracked 
|  83|0x000000060b000000, 0x000000060b000000, 0x000000060b200000|  0%| F|  |TAMS 0x000000060b000000, 0x000000060b000000| Untracked 
|  84|0x000000060b200000, 0x000000060b200000, 0x000000060b400000|  0%| F|  |TAMS 0x000000060b200000, 0x000000060b200000| Untracked 
|  85|0x000000060b400000, 0x000000060b400000, 0x000000060b600000|  0%| F|  |TAMS 0x000000060b400000, 0x000000060b400000| Untracked 
|  86|0x000000060b600000, 0x000000060b600000, 0x000000060b800000|  0%| F|  |TAMS 0x000000060b600000, 0x000000060b600000| Untracked 
|  87|0x000000060b800000, 0x000000060b800000, 0x000000060ba00000|  0%| F|  |TAMS 0x000000060b800000, 0x000000060b800000| Untracked 
|  88|0x000000060ba00000, 0x000000060ba00000, 0x000000060bc00000|  0%| F|  |TAMS 0x000000060ba00000, 0x000000060ba00000| Untracked 
|  89|0x000000060bc00000, 0x000000060bc00000, 0x000000060be00000|  0%| F|  |TAMS 0x000000060bc00000, 0x000000060bc00000| Untracked 
|  90|0x000000060be00000, 0x000000060be00000, 0x000000060c000000|  0%| F|  |TAMS 0x000000060be00000, 0x000000060be00000| Untracked 
|  91|0x000000060c000000, 0x000000060c000000, 0x000000060c200000|  0%| F|  |TAMS 0x000000060c000000, 0x000000060c000000| Untracked 
|  92|0x000000060c200000, 0x000000060c200000, 0x000000060c400000|  0%| F|  |TAMS 0x000000060c200000, 0x000000060c200000| Untracked 
|  93|0x000000060c400000, 0x000000060c400000, 0x000000060c600000|  0%| F|  |TAMS 0x000000060c400000, 0x000000060c400000| Untracked 
|  94|0x000000060c600000, 0x000000060c600000, 0x000000060c800000|  0%| F|  |TAMS 0x000000060c600000, 0x000000060c600000| Untracked 
|  95|0x000000060c800000, 0x000000060c800000, 0x000000060ca00000|  0%| F|  |TAMS 0x000000060c800000, 0x000000060c800000| Untracked 
|  96|0x000000060ca00000, 0x000000060ca00000, 0x000000060cc00000|  0%| F|  |TAMS 0x000000060ca00000, 0x000000060ca00000| Untracked 
|  97|0x000000060cc00000, 0x000000060cc00000, 0x000000060ce00000|  0%| F|  |TAMS 0x000000060cc00000, 0x000000060cc00000| Untracked 
|  98|0x000000060ce00000, 0x000000060ce00000, 0x000000060d000000|  0%| F|  |TAMS 0x000000060ce00000, 0x000000060ce00000| Untracked 
|  99|0x000000060d000000, 0x000000060d000000, 0x000000060d200000|  0%| F|  |TAMS 0x000000060d000000, 0x000000060d000000| Untracked 
| 100|0x000000060d200000, 0x000000060d200000, 0x000000060d400000|  0%| F|  |TAMS 0x000000060d200000, 0x000000060d200000| Untracked 
| 101|0x000000060d400000, 0x000000060d400000, 0x000000060d600000|  0%| F|  |TAMS 0x000000060d400000, 0x000000060d400000| Untracked 
| 102|0x000000060d600000, 0x000000060d600000, 0x000000060d800000|  0%| F|  |TAMS 0x000000060d600000, 0x000000060d600000| Untracked 
| 103|0x000000060d800000, 0x000000060d800000, 0x000000060da00000|  0%| F|  |TAMS 0x000000060d800000, 0x000000060d800000| Untracked 
| 104|0x000000060da00000, 0x000000060da00000, 0x000000060dc00000|  0%| F|  |TAMS 0x000000060da00000, 0x000000060da00000| Untracked 
| 105|0x000000060dc00000, 0x000000060dc00000, 0x000000060de00000|  0%| F|  |TAMS 0x000000060dc00000, 0x000000060dc00000| Untracked 
| 106|0x000000060de00000, 0x000000060de00000, 0x000000060e000000|  0%| F|  |TAMS 0x000000060de00000, 0x000000060de00000| Untracked 
| 107|0x000000060e000000, 0x000000060e000000, 0x000000060e200000|  0%| F|  |TAMS 0x000000060e000000, 0x000000060e000000| Untracked 
| 108|0x000000060e200000, 0x000000060e200000, 0x000000060e400000|  0%| F|  |TAMS 0x000000060e200000, 0x000000060e200000| Untracked 
| 109|0x000000060e400000, 0x000000060e400000, 0x000000060e600000|  0%| F|  |TAMS 0x000000060e400000, 0x000000060e400000| Untracked 
| 110|0x000000060e600000, 0x000000060e600000, 0x000000060e800000|  0%| F|  |TAMS 0x000000060e600000, 0x000000060e600000| Untracked 
| 111|0x000000060e800000, 0x000000060e800000, 0x000000060ea00000|  0%| F|  |TAMS 0x000000060e800000, 0x000000060e800000| Untracked 
| 112|0x000000060ea00000, 0x000000060ea00000, 0x000000060ec00000|  0%| F|  |TAMS 0x000000060ea00000, 0x000000060ea00000| Untracked 
| 113|0x000000060ec00000, 0x000000060ec00000, 0x000000060ee00000|  0%| F|  |TAMS 0x000000060ec00000, 0x000000060ec00000| Untracked 
| 114|0x000000060ee00000, 0x000000060ee00000, 0x000000060f000000|  0%| F|  |TAMS 0x000000060ee00000, 0x000000060ee00000| Untracked 
| 115|0x000000060f000000, 0x000000060f000000, 0x000000060f200000|  0%| F|  |TAMS 0x000000060f000000, 0x000000060f000000| Untracked 
| 116|0x000000060f200000, 0x000000060f200000, 0x000000060f400000|  0%| F|  |TAMS 0x000000060f200000, 0x000000060f200000| Untracked 
| 117|0x000000060f400000, 0x000000060f400000, 0x000000060f600000|  0%| F|  |TAMS 0x000000060f400000, 0x000000060f400000| Untracked 
| 118|0x000000060f600000, 0x000000060f600000, 0x000000060f800000|  0%| F|  |TAMS 0x000000060f600000, 0x000000060f600000| Untracked 
| 119|0x000000060f800000, 0x000000060f800000, 0x000000060fa00000|  0%| F|  |TAMS 0x000000060f800000, 0x000000060f800000| Untracked 
| 120|0x000000060fa00000, 0x000000060fa00000, 0x000000060fc00000|  0%| F|  |TAMS 0x000000060fa00000, 0x000000060fa00000| Untracked 
| 121|0x000000060fc00000, 0x000000060fc00000, 0x000000060fe00000|  0%| F|  |TAMS 0x000000060fc00000, 0x000000060fc00000| Untracked 
| 122|0x000000060fe00000, 0x000000060fe00000, 0x0000000610000000|  0%| F|  |TAMS 0x000000060fe00000, 0x000000060fe00000| Untracked 
| 123|0x0000000610000000, 0x0000000610000000, 0x0000000610200000|  0%| F|  |TAMS 0x0000000610000000, 0x0000000610000000| Untracked 
| 124|0x0000000610200000, 0x0000000610200000, 0x0000000610400000|  0%| F|  |TAMS 0x0000000610200000, 0x0000000610200000| Untracked 
| 125|0x0000000610400000, 0x0000000610400000, 0x0000000610600000|  0%| F|  |TAMS 0x0000000610400000, 0x0000000610400000| Untracked 
| 126|0x0000000610600000, 0x0000000610600000, 0x0000000610800000|  0%| F|  |TAMS 0x0000000610600000, 0x0000000610600000| Untracked 
| 127|0x0000000610800000, 0x0000000610800000, 0x0000000610a00000|  0%| F|  |TAMS 0x0000000610800000, 0x0000000610800000| Untracked 
| 128|0x0000000610a00000, 0x0000000610a00000, 0x0000000610c00000|  0%| F|  |TAMS 0x0000000610a00000, 0x0000000610a00000| Untracked 
| 129|0x0000000610c00000, 0x0000000610c00000, 0x0000000610e00000|  0%| F|  |TAMS 0x0000000610c00000, 0x0000000610c00000| Untracked 
| 130|0x0000000610e00000, 0x0000000610e00000, 0x0000000611000000|  0%| F|  |TAMS 0x0000000610e00000, 0x0000000610e00000| Untracked 
| 131|0x0000000611000000, 0x0000000611000000, 0x0000000611200000|  0%| F|  |TAMS 0x0000000611000000, 0x0000000611000000| Untracked 
| 132|0x0000000611200000, 0x0000000611200000, 0x0000000611400000|  0%| F|  |TAMS 0x0000000611200000, 0x0000000611200000| Untracked 
| 133|0x0000000611400000, 0x0000000611400000, 0x0000000611600000|  0%| F|  |TAMS 0x0000000611400000, 0x0000000611400000| Untracked 
| 134|0x0000000611600000, 0x0000000611600000, 0x0000000611800000|  0%| F|  |TAMS 0x0000000611600000, 0x0000000611600000| Untracked 
| 135|0x0000000611800000, 0x0000000611800000, 0x0000000611a00000|  0%| F|  |TAMS 0x0000000611800000, 0x0000000611800000| Untracked 
| 136|0x0000000611a00000, 0x0000000611a00000, 0x0000000611c00000|  0%| F|  |TAMS 0x0000000611a00000, 0x0000000611a00000| Untracked 
| 137|0x0000000611c00000, 0x0000000611c00000, 0x0000000611e00000|  0%| F|  |TAMS 0x0000000611c00000, 0x0000000611c00000| Untracked 
| 138|0x0000000611e00000, 0x0000000611e00000, 0x0000000612000000|  0%| F|  |TAMS 0x0000000611e00000, 0x0000000611e00000| Untracked 
| 139|0x0000000612000000, 0x0000000612000000, 0x0000000612200000|  0%| F|  |TAMS 0x0000000612000000, 0x0000000612000000| Untracked 
| 140|0x0000000612200000, 0x0000000612200000, 0x0000000612400000|  0%| F|  |TAMS 0x0000000612200000, 0x0000000612200000| Untracked 
| 141|0x0000000612400000, 0x0000000612400000, 0x0000000612600000|  0%| F|  |TAMS 0x0000000612400000, 0x0000000612400000| Untracked 
| 142|0x0000000612600000, 0x0000000612600000, 0x0000000612800000|  0%| F|  |TAMS 0x0000000612600000, 0x0000000612600000| Untracked 
| 143|0x0000000612800000, 0x0000000612800000, 0x0000000612a00000|  0%| F|  |TAMS 0x0000000612800000, 0x0000000612800000| Untracked 
| 144|0x0000000612a00000, 0x0000000612a00000, 0x0000000612c00000|  0%| F|  |TAMS 0x0000000612a00000, 0x0000000612a00000| Untracked 
| 145|0x0000000612c00000, 0x0000000612c00000, 0x0000000612e00000|  0%| F|  |TAMS 0x0000000612c00000, 0x0000000612c00000| Untracked 
| 146|0x0000000612e00000, 0x0000000612e00000, 0x0000000613000000|  0%| F|  |TAMS 0x0000000612e00000, 0x0000000612e00000| Untracked 
| 147|0x0000000613000000, 0x0000000613000000, 0x0000000613200000|  0%| F|  |TAMS 0x0000000613000000, 0x0000000613000000| Untracked 
| 148|0x0000000613200000, 0x0000000613200000, 0x0000000613400000|  0%| F|  |TAMS 0x0000000613200000, 0x0000000613200000| Untracked 
| 149|0x0000000613400000, 0x0000000613400000, 0x0000000613600000|  0%| F|  |TAMS 0x0000000613400000, 0x0000000613400000| Untracked 
| 150|0x0000000613600000, 0x0000000613600000, 0x0000000613800000|  0%| F|  |TAMS 0x0000000613600000, 0x0000000613600000| Untracked 
| 151|0x0000000613800000, 0x0000000613800000, 0x0000000613a00000|  0%| F|  |TAMS 0x0000000613800000, 0x0000000613800000| Untracked 
| 152|0x0000000613a00000, 0x0000000613a00000, 0x0000000613c00000|  0%| F|  |TAMS 0x0000000613a00000, 0x0000000613a00000| Untracked 
| 153|0x0000000613c00000, 0x0000000613c00000, 0x0000000613e00000|  0%| F|  |TAMS 0x0000000613c00000, 0x0000000613c00000| Untracked 
| 154|0x0000000613e00000, 0x0000000613e00000, 0x0000000614000000|  0%| F|  |TAMS 0x0000000613e00000, 0x0000000613e00000| Untracked 
| 155|0x0000000614000000, 0x0000000614000000, 0x0000000614200000|  0%| F|  |TAMS 0x0000000614000000, 0x0000000614000000| Untracked 
| 156|0x0000000614200000, 0x0000000614200000, 0x0000000614400000|  0%| F|  |TAMS 0x0000000614200000, 0x0000000614200000| Untracked 
| 157|0x0000000614400000, 0x0000000614400000, 0x0000000614600000|  0%| F|  |TAMS 0x0000000614400000, 0x0000000614400000| Untracked 
| 158|0x0000000614600000, 0x0000000614600000, 0x0000000614800000|  0%| F|  |TAMS 0x0000000614600000, 0x0000000614600000| Untracked 
| 159|0x0000000614800000, 0x0000000614800000, 0x0000000614a00000|  0%| F|  |TAMS 0x0000000614800000, 0x0000000614800000| Untracked 
| 160|0x0000000614a00000, 0x0000000614a00000, 0x0000000614c00000|  0%| F|  |TAMS 0x0000000614a00000, 0x0000000614a00000| Untracked 
| 161|0x0000000614c00000, 0x0000000614c00000, 0x0000000614e00000|  0%| F|  |TAMS 0x0000000614c00000, 0x0000000614c00000| Untracked 
| 162|0x0000000614e00000, 0x0000000614e00000, 0x0000000615000000|  0%| F|  |TAMS 0x0000000614e00000, 0x0000000614e00000| Untracked 
| 163|0x0000000615000000, 0x0000000615000000, 0x0000000615200000|  0%| F|  |TAMS 0x0000000615000000, 0x0000000615000000| Untracked 
| 164|0x0000000615200000, 0x0000000615200000, 0x0000000615400000|  0%| F|  |TAMS 0x0000000615200000, 0x0000000615200000| Untracked 
| 165|0x0000000615400000, 0x0000000615400000, 0x0000000615600000|  0%| F|  |TAMS 0x0000000615400000, 0x0000000615400000| Untracked 
| 166|0x0000000615600000, 0x0000000615600000, 0x0000000615800000|  0%| F|  |TAMS 0x0000000615600000, 0x0000000615600000| Untracked 
| 167|0x0000000615800000, 0x0000000615800000, 0x0000000615a00000|  0%| F|  |TAMS 0x0000000615800000, 0x0000000615800000| Untracked 
| 168|0x0000000615a00000, 0x0000000615a00000, 0x0000000615c00000|  0%| F|  |TAMS 0x0000000615a00000, 0x0000000615a00000| Untracked 
| 169|0x0000000615c00000, 0x0000000615c00000, 0x0000000615e00000|  0%| F|  |TAMS 0x0000000615c00000, 0x0000000615c00000| Untracked 
| 170|0x0000000615e00000, 0x0000000615e00000, 0x0000000616000000|  0%| F|  |TAMS 0x0000000615e00000, 0x0000000615e00000| Untracked 
| 171|0x0000000616000000, 0x0000000616000000, 0x0000000616200000|  0%| F|  |TAMS 0x0000000616000000, 0x0000000616000000| Untracked 
| 172|0x0000000616200000, 0x0000000616200000, 0x0000000616400000|  0%| F|  |TAMS 0x0000000616200000, 0x0000000616200000| Untracked 
| 173|0x0000000616400000, 0x0000000616400000, 0x0000000616600000|  0%| F|  |TAMS 0x0000000616400000, 0x0000000616400000| Untracked 
| 174|0x0000000616600000, 0x0000000616600000, 0x0000000616800000|  0%| F|  |TAMS 0x0000000616600000, 0x0000000616600000| Untracked 
| 175|0x0000000616800000, 0x0000000616800000, 0x0000000616a00000|  0%| F|  |TAMS 0x0000000616800000, 0x0000000616800000| Untracked 
| 176|0x0000000616a00000, 0x0000000616a00000, 0x0000000616c00000|  0%| F|  |TAMS 0x0000000616a00000, 0x0000000616a00000| Untracked 
| 177|0x0000000616c00000, 0x0000000616c00000, 0x0000000616e00000|  0%| F|  |TAMS 0x0000000616c00000, 0x0000000616c00000| Untracked 
| 178|0x0000000616e00000, 0x0000000616e00000, 0x0000000617000000|  0%| F|  |TAMS 0x0000000616e00000, 0x0000000616e00000| Untracked 
| 179|0x0000000617000000, 0x0000000617000000, 0x0000000617200000|  0%| F|  |TAMS 0x0000000617000000, 0x0000000617000000| Untracked 
| 180|0x0000000617200000, 0x0000000617200000, 0x0000000617400000|  0%| F|  |TAMS 0x0000000617200000, 0x0000000617200000| Untracked 
| 181|0x0000000617400000, 0x0000000617400000, 0x0000000617600000|  0%| F|  |TAMS 0x0000000617400000, 0x0000000617400000| Untracked 
| 182|0x0000000617600000, 0x0000000617600000, 0x0000000617800000|  0%| F|  |TAMS 0x0000000617600000, 0x0000000617600000| Untracked 
| 183|0x0000000617800000, 0x0000000617800000, 0x0000000617a00000|  0%| F|  |TAMS 0x0000000617800000, 0x0000000617800000| Untracked 
| 184|0x0000000617a00000, 0x0000000617a00000, 0x0000000617c00000|  0%| F|  |TAMS 0x0000000617a00000, 0x0000000617a00000| Untracked 
| 185|0x0000000617c00000, 0x0000000617c00000, 0x0000000617e00000|  0%| F|  |TAMS 0x0000000617c00000, 0x0000000617c00000| Untracked 
| 186|0x0000000617e00000, 0x0000000617e00000, 0x0000000618000000|  0%| F|  |TAMS 0x0000000617e00000, 0x0000000617e00000| Untracked 
| 187|0x0000000618000000, 0x0000000618000000, 0x0000000618200000|  0%| F|  |TAMS 0x0000000618000000, 0x0000000618000000| Untracked 
| 188|0x0000000618200000, 0x0000000618200000, 0x0000000618400000|  0%| F|  |TAMS 0x0000000618200000, 0x0000000618200000| Untracked 
| 189|0x0000000618400000, 0x0000000618400000, 0x0000000618600000|  0%| F|  |TAMS 0x0000000618400000, 0x0000000618400000| Untracked 
| 190|0x0000000618600000, 0x0000000618600000, 0x0000000618800000|  0%| F|  |TAMS 0x0000000618600000, 0x0000000618600000| Untracked 
| 191|0x0000000618800000, 0x0000000618800000, 0x0000000618a00000|  0%| F|  |TAMS 0x0000000618800000, 0x0000000618800000| Untracked 
| 192|0x0000000618a00000, 0x0000000618a00000, 0x0000000618c00000|  0%| F|  |TAMS 0x0000000618a00000, 0x0000000618a00000| Untracked 
| 193|0x0000000618c00000, 0x0000000618c00000, 0x0000000618e00000|  0%| F|  |TAMS 0x0000000618c00000, 0x0000000618c00000| Untracked 
| 194|0x0000000618e00000, 0x0000000618e00000, 0x0000000619000000|  0%| F|  |TAMS 0x0000000618e00000, 0x0000000618e00000| Untracked 
| 195|0x0000000619000000, 0x0000000619000000, 0x0000000619200000|  0%| F|  |TAMS 0x0000000619000000, 0x0000000619000000| Untracked 
| 196|0x0000000619200000, 0x0000000619200000, 0x0000000619400000|  0%| F|  |TAMS 0x0000000619200000, 0x0000000619200000| Untracked 
| 197|0x0000000619400000, 0x0000000619400000, 0x0000000619600000|  0%| F|  |TAMS 0x0000000619400000, 0x0000000619400000| Untracked 
| 198|0x0000000619600000, 0x0000000619600000, 0x0000000619800000|  0%| F|  |TAMS 0x0000000619600000, 0x0000000619600000| Untracked 
| 199|0x0000000619800000, 0x0000000619800000, 0x0000000619a00000|  0%| F|  |TAMS 0x0000000619800000, 0x0000000619800000| Untracked 
| 200|0x0000000619a00000, 0x0000000619a00000, 0x0000000619c00000|  0%| F|  |TAMS 0x0000000619a00000, 0x0000000619a00000| Untracked 
| 201|0x0000000619c00000, 0x0000000619c00000, 0x0000000619e00000|  0%| F|  |TAMS 0x0000000619c00000, 0x0000000619c00000| Untracked 
| 202|0x0000000619e00000, 0x0000000619e00000, 0x000000061a000000|  0%| F|  |TAMS 0x0000000619e00000, 0x0000000619e00000| Untracked 
| 203|0x000000061a000000, 0x000000061a000000, 0x000000061a200000|  0%| F|  |TAMS 0x000000061a000000, 0x000000061a000000| Untracked 
| 204|0x000000061a200000, 0x000000061a200000, 0x000000061a400000|  0%| F|  |TAMS 0x000000061a200000, 0x000000061a200000| Untracked 
| 205|0x000000061a400000, 0x000000061a400000, 0x000000061a600000|  0%| F|  |TAMS 0x000000061a400000, 0x000000061a400000| Untracked 
| 206|0x000000061a600000, 0x000000061a600000, 0x000000061a800000|  0%| F|  |TAMS 0x000000061a600000, 0x000000061a600000| Untracked 
| 207|0x000000061a800000, 0x000000061a800000, 0x000000061aa00000|  0%| F|  |TAMS 0x000000061a800000, 0x000000061a800000| Untracked 
| 208|0x000000061aa00000, 0x000000061aa00000, 0x000000061ac00000|  0%| F|  |TAMS 0x000000061aa00000, 0x000000061aa00000| Untracked 
| 209|0x000000061ac00000, 0x000000061ac00000, 0x000000061ae00000|  0%| F|  |TAMS 0x000000061ac00000, 0x000000061ac00000| Untracked 
| 210|0x000000061ae00000, 0x000000061ae00000, 0x000000061b000000|  0%| F|  |TAMS 0x000000061ae00000, 0x000000061ae00000| Untracked 
| 211|0x000000061b000000, 0x000000061b000000, 0x000000061b200000|  0%| F|  |TAMS 0x000000061b000000, 0x000000061b000000| Untracked 
| 212|0x000000061b200000, 0x000000061b200000, 0x000000061b400000|  0%| F|  |TAMS 0x000000061b200000, 0x000000061b200000| Untracked 
| 213|0x000000061b400000, 0x000000061b400000, 0x000000061b600000|  0%| F|  |TAMS 0x000000061b400000, 0x000000061b400000| Untracked 
| 214|0x000000061b600000, 0x000000061b600000, 0x000000061b800000|  0%| F|  |TAMS 0x000000061b600000, 0x000000061b600000| Untracked 
| 215|0x000000061b800000, 0x000000061b800000, 0x000000061ba00000|  0%| F|  |TAMS 0x000000061b800000, 0x000000061b800000| Untracked 
| 216|0x000000061ba00000, 0x000000061ba00000, 0x000000061bc00000|  0%| F|  |TAMS 0x000000061ba00000, 0x000000061ba00000| Untracked 
| 217|0x000000061bc00000, 0x000000061bc00000, 0x000000061be00000|  0%| F|  |TAMS 0x000000061bc00000, 0x000000061bc00000| Untracked 
| 218|0x000000061be00000, 0x000000061be00000, 0x000000061c000000|  0%| F|  |TAMS 0x000000061be00000, 0x000000061be00000| Untracked 
| 219|0x000000061c000000, 0x000000061c000000, 0x000000061c200000|  0%| F|  |TAMS 0x000000061c000000, 0x000000061c000000| Untracked 
| 220|0x000000061c200000, 0x000000061c200000, 0x000000061c400000|  0%| F|  |TAMS 0x000000061c200000, 0x000000061c200000| Untracked 
| 221|0x000000061c400000, 0x000000061c400000, 0x000000061c600000|  0%| F|  |TAMS 0x000000061c400000, 0x000000061c400000| Untracked 
| 222|0x000000061c600000, 0x000000061c600000, 0x000000061c800000|  0%| F|  |TAMS 0x000000061c600000, 0x000000061c600000| Untracked 
| 223|0x000000061c800000, 0x000000061c800000, 0x000000061ca00000|  0%| F|  |TAMS 0x000000061c800000, 0x000000061c800000| Untracked 
| 224|0x000000061ca00000, 0x000000061ca00000, 0x000000061cc00000|  0%| F|  |TAMS 0x000000061ca00000, 0x000000061ca00000| Untracked 
| 225|0x000000061cc00000, 0x000000061cc00000, 0x000000061ce00000|  0%| F|  |TAMS 0x000000061cc00000, 0x000000061cc00000| Untracked 
| 226|0x000000061ce00000, 0x000000061ce00000, 0x000000061d000000|  0%| F|  |TAMS 0x000000061ce00000, 0x000000061ce00000| Untracked 
| 227|0x000000061d000000, 0x000000061d000000, 0x000000061d200000|  0%| F|  |TAMS 0x000000061d000000, 0x000000061d000000| Untracked 
| 228|0x000000061d200000, 0x000000061d200000, 0x000000061d400000|  0%| F|  |TAMS 0x000000061d200000, 0x000000061d200000| Untracked 
| 229|0x000000061d400000, 0x000000061d400000, 0x000000061d600000|  0%| F|  |TAMS 0x000000061d400000, 0x000000061d400000| Untracked 
| 230|0x000000061d600000, 0x000000061d600000, 0x000000061d800000|  0%| F|  |TAMS 0x000000061d600000, 0x000000061d600000| Untracked 
| 231|0x000000061d800000, 0x000000061d800000, 0x000000061da00000|  0%| F|  |TAMS 0x000000061d800000, 0x000000061d800000| Untracked 
| 232|0x000000061da00000, 0x000000061da00000, 0x000000061dc00000|  0%| F|  |TAMS 0x000000061da00000, 0x000000061da00000| Untracked 
| 233|0x000000061dc00000, 0x000000061dc00000, 0x000000061de00000|  0%| F|  |TAMS 0x000000061dc00000, 0x000000061dc00000| Untracked 
| 234|0x000000061de00000, 0x000000061de00000, 0x000000061e000000|  0%| F|  |TAMS 0x000000061de00000, 0x000000061de00000| Untracked 
| 235|0x000000061e000000, 0x000000061e000000, 0x000000061e200000|  0%| F|  |TAMS 0x000000061e000000, 0x000000061e000000| Untracked 
| 236|0x000000061e200000, 0x000000061e200000, 0x000000061e400000|  0%| F|  |TAMS 0x000000061e200000, 0x000000061e200000| Untracked 
| 237|0x000000061e400000, 0x000000061e400000, 0x000000061e600000|  0%| F|  |TAMS 0x000000061e400000, 0x000000061e400000| Untracked 
| 238|0x000000061e600000, 0x000000061e600000, 0x000000061e800000|  0%| F|  |TAMS 0x000000061e600000, 0x000000061e600000| Untracked 
| 239|0x000000061e800000, 0x000000061e800000, 0x000000061ea00000|  0%| F|  |TAMS 0x000000061e800000, 0x000000061e800000| Untracked 
| 240|0x000000061ea00000, 0x000000061ea00000, 0x000000061ec00000|  0%| F|  |TAMS 0x000000061ea00000, 0x000000061ea00000| Untracked 
| 241|0x000000061ec00000, 0x000000061ec00000, 0x000000061ee00000|  0%| F|  |TAMS 0x000000061ec00000, 0x000000061ec00000| Untracked 
| 242|0x000000061ee00000, 0x000000061ee00000, 0x000000061f000000|  0%| F|  |TAMS 0x000000061ee00000, 0x000000061ee00000| Untracked 
| 243|0x000000061f000000, 0x000000061f000000, 0x000000061f200000|  0%| F|  |TAMS 0x000000061f000000, 0x000000061f000000| Untracked 
| 244|0x000000061f200000, 0x000000061f200000, 0x000000061f400000|  0%| F|  |TAMS 0x000000061f200000, 0x000000061f200000| Untracked 
| 245|0x000000061f400000, 0x000000061f400000, 0x000000061f600000|  0%| F|  |TAMS 0x000000061f400000, 0x000000061f400000| Untracked 
| 246|0x000000061f600000, 0x000000061f600000, 0x000000061f800000|  0%| F|  |TAMS 0x000000061f600000, 0x000000061f600000| Untracked 
| 247|0x000000061f800000, 0x000000061f800000, 0x000000061fa00000|  0%| F|  |TAMS 0x000000061f800000, 0x000000061f800000| Untracked 
| 248|0x000000061fa00000, 0x000000061fc00000, 0x000000061fc00000|100%| S|CS|TAMS 0x000000061fa00000, 0x000000061fa00000| Complete 
| 249|0x000000061fc00000, 0x000000061fe00000, 0x000000061fe00000|100%| S|CS|TAMS 0x000000061fc00000, 0x000000061fc00000| Complete 
| 250|0x000000061fe00000, 0x000000061fe00000, 0x0000000620000000|  0%| F|  |TAMS 0x000000061fe00000, 0x000000061fe00000| Untracked 
| 251|0x0000000620000000, 0x0000000620000000, 0x0000000620200000|  0%| F|  |TAMS 0x0000000620000000, 0x0000000620000000| Untracked 
| 252|0x0000000620200000, 0x0000000620200000, 0x0000000620400000|  0%| F|  |TAMS 0x0000000620200000, 0x0000000620200000| Untracked 
| 253|0x0000000620400000, 0x0000000620400000, 0x0000000620600000|  0%| F|  |TAMS 0x0000000620400000, 0x0000000620400000| Untracked 
| 254|0x0000000620600000, 0x0000000620600000, 0x0000000620800000|  0%| F|  |TAMS 0x0000000620600000, 0x0000000620600000| Untracked 
| 255|0x0000000620800000, 0x0000000620800000, 0x0000000620a00000|  0%| F|  |TAMS 0x0000000620800000, 0x0000000620800000| Untracked 

Card table byte_map: [0x000001b4c06c0000,0x000001b4c16c0000] _byte_map_base: 0x000001b4bd6bb000

Marking Bits (Prev, Next): (CMBitMap*) 0x000001b4ac7c6d48, (CMBitMap*) 0x000001b4ac7c6d80
 Prev Bits: [0x000001b4c26c0000, 0x000001b4ca698000)
 Next Bits: [0x000001b4ca6a0000, 0x000001b4d2678000)

Polling page: 0x000001b4abf20000

Metaspace:

Usage:
  Non-class:      6.70 MB capacity,     6.69 MB (>99%) used,     9.08 KB ( <1%) free+waste,     5.63 KB ( <1%) overhead. 
      Class:    713.00 KB capacity,   663.69 KB ( 93%) used,    46.75 KB (  7%) free+waste,     2.56 KB ( <1%) overhead. 
       Both:      7.40 MB capacity,     7.33 MB (>99%) used,    55.83 KB ( <1%) free+waste,     8.19 KB ( <1%) overhead. 

Virtual space:
  Non-class space:       20.00 MB reserved,       6.75 MB ( 34%) committed 
      Class space:        1.00 GB reserved,     768.00 KB ( <1%) committed 
             Both:        1.02 GB reserved,       7.50 MB ( <1%) committed 

Chunk freelists:
   Non-Class:  51.00 KB
       Class:  23.00 KB
        Both:  74.00 KB

MaxMetaspaceSize: 17179869184.00 GB
CompressedClassSpaceSize: 1.00 GB
Initial GC threshold: 20.80 MB
Current GC threshold: 21.12 MB
CDS: off

CodeHeap 'non-profiled nmethods': size=120000Kb used=143Kb max_used=143Kb free=119856Kb
 bounds [0x000001b4b7e60000, 0x000001b4b80d0000, 0x000001b4bf390000]
CodeHeap 'profiled nmethods': size=120000Kb used=593Kb max_used=593Kb free=119406Kb
 bounds [0x000001b4b0930000, 0x000001b4b0ba0000, 0x000001b4b7e60000]
CodeHeap 'non-nmethods': size=5760Kb used=1118Kb max_used=1124Kb free=4641Kb
 bounds [0x000001b4b0390000, 0x000001b4b0600000, 0x000001b4b0930000]
 total_blobs=777 nmethods=411 adapters=279
 compilation: enabled
              stopped_count=0, restarted_count=0
 full_count=0

Compilation events (20 events):
Event: 0.228 Thread 0x000001b4d5bcc800  400       3       java.lang.invoke.MethodTypeForm::parameterSlotCount (9 bytes)
Event: 0.228 Thread 0x000001b4d5bcc800 nmethod 400 0x000001b4b09c1790 code [0x000001b4b09c1940, 0x000001b4b09c1ab8]
Event: 0.229 Thread 0x000001b4d5bcc800  403       3       java.util.zip.ZipFile$Source::getEntryHash (7 bytes)
Event: 0.229 Thread 0x000001b4d5bcc800 nmethod 403 0x000001b4b09c1b90 code [0x000001b4b09c1d40, 0x000001b4b09c1e78]
Event: 0.229 Thread 0x000001b4d5bcc800  404       3       java.util.Objects::requireNonNull (15 bytes)
Event: 0.229 Thread 0x000001b4d5bcc800 nmethod 404 0x000001b4b09c1f90 code [0x000001b4b09c2160, 0x000001b4b09c2348]
Event: 0.229 Thread 0x000001b4d5bcc800  405       3       java.util.Arrays::copyOf (19 bytes)
Event: 0.229 Thread 0x000001b4d5bcc800 nmethod 405 0x000001b4b09c2410 code [0x000001b4b09c25e0, 0x000001b4b09c28c8]
Event: 0.229 Thread 0x000001b4d5bcc800  406       3       java.util.zip.ZipFile$Source::getEntryNext (9 bytes)
Event: 0.229 Thread 0x000001b4d5bcc800 nmethod 406 0x000001b4b09c2a10 code [0x000001b4b09c2bc0, 0x000001b4b09c2cf8]
Event: 0.229 Thread 0x000001b4d5bcc800  407       3       java.lang.StringLatin1::replace (196 bytes)
Event: 0.230 Thread 0x000001b4d5bcc800 nmethod 407 0x000001b4b09c2e10 code [0x000001b4b09c3080, 0x000001b4b09c3d18]
Event: 0.230 Thread 0x000001b4d5bcc800  409       3       java.lang.ref.WeakReference::<init> (7 bytes)
Event: 0.230 Thread 0x000001b4d5bcc800 nmethod 409 0x000001b4b09c4190 code [0x000001b4b09c4360, 0x000001b4b09c4638]
Event: 0.230 Thread 0x000001b4d5bcc800  408       1       java.net.URL::getProtocol (5 bytes)
Event: 0.230 Thread 0x000001b4d5bcc800 nmethod 408 0x000001b4b7e83490 code [0x000001b4b7e83640, 0x000001b4b7e836f8]
Event: 0.230 Thread 0x000001b4d5bcc800  410       1       java.util.ArrayList::size (5 bytes)
Event: 0.230 Thread 0x000001b4d5bcc800 nmethod 410 0x000001b4b7e83790 code [0x000001b4b7e83940, 0x000001b4b7e839f8]
Event: 0.231 Thread 0x000001b4d5bcc800  411       1       java.lang.String::value (5 bytes)
Event: 0.231 Thread 0x000001b4d5bcc800 nmethod 411 0x000001b4b7e83a90 code [0x000001b4b7e83c40, 0x000001b4b7e83cf8]

GC Heap History (2 events):
Event: 0.232 GC heap before
{Heap before GC invocations=0 (full 0):
 garbage-first heap   total 524288K, used 12288K [0x0000000600a00000, 0x0000000800000000)
  region size 2048K, 6 young (12288K), 0 survivors (0K)
 Metaspace       used 7509K, capacity 7574K, committed 7680K, reserved 1067008K
  class space    used 663K, capacity 713K, committed 768K, reserved 1048576K
}
Event: 0.236 GC heap after
{Heap after GC invocations=1 (full 0):
 garbage-first heap   total 524288K, used 8240K [0x0000000600a00000, 0x0000000800000000)
  region size 2048K, 2 young (4096K), 2 survivors (4096K)
 Metaspace       used 7509K, capacity 7574K, committed 7680K, reserved 1067008K
  class space    used 663K, capacity 713K, committed 768K, reserved 1048576K
}

Deoptimization events (20 events):
Event: 0.167 Thread 0x000001b4ac746000 DEOPT PACKING pc=0x000001b4b09602e0 sp=0x0000007a789fd2c0
Event: 0.167 Thread 0x000001b4ac746000 DEOPT UNPACKING pc=0x000001b4b03da95e sp=0x0000007a789fc790 mode 0
Event: 0.167 Thread 0x000001b4ac746000 DEOPT PACKING pc=0x000001b4b09602e0 sp=0x0000007a789fd2c0
Event: 0.167 Thread 0x000001b4ac746000 DEOPT UNPACKING pc=0x000001b4b03da95e sp=0x0000007a789fc790 mode 0
Event: 0.167 Thread 0x000001b4ac746000 DEOPT PACKING pc=0x000001b4b09602e0 sp=0x0000007a789fd2c0
Event: 0.167 Thread 0x000001b4ac746000 DEOPT UNPACKING pc=0x000001b4b03da95e sp=0x0000007a789fc790 mode 0
Event: 0.167 Thread 0x000001b4ac746000 DEOPT PACKING pc=0x000001b4b09602e0 sp=0x0000007a789fd2c0
Event: 0.167 Thread 0x000001b4ac746000 DEOPT UNPACKING pc=0x000001b4b03da95e sp=0x0000007a789fc790 mode 0
Event: 0.167 Thread 0x000001b4ac746000 DEOPT PACKING pc=0x000001b4b09602e0 sp=0x0000007a789fd2c0
Event: 0.167 Thread 0x000001b4ac746000 DEOPT UNPACKING pc=0x000001b4b03da95e sp=0x0000007a789fc790 mode 0
Event: 0.168 Thread 0x000001b4ac746000 DEOPT PACKING pc=0x000001b4b09602e0 sp=0x0000007a789fd2c0
Event: 0.168 Thread 0x000001b4ac746000 DEOPT UNPACKING pc=0x000001b4b03da95e sp=0x0000007a789fc790 mode 0
Event: 0.168 Thread 0x000001b4ac746000 DEOPT PACKING pc=0x000001b4b09602e0 sp=0x0000007a789fd2c0
Event: 0.168 Thread 0x000001b4ac746000 DEOPT UNPACKING pc=0x000001b4b03da95e sp=0x0000007a789fc790 mode 0
Event: 0.168 Thread 0x000001b4ac746000 DEOPT PACKING pc=0x000001b4b09602e0 sp=0x0000007a789fd2c0
Event: 0.168 Thread 0x000001b4ac746000 DEOPT UNPACKING pc=0x000001b4b03da95e sp=0x0000007a789fc790 mode 0
Event: 0.208 Thread 0x000001b4ac746000 Uncommon trap: trap_request=0xffffff4d fr.pc=0x000001b4b7e7818c relative=0x000000000000016c
Event: 0.208 Thread 0x000001b4ac746000 Uncommon trap: reason=unstable_if action=reinterpret pc=0x000001b4b7e7818c method=java.lang.ThreadLocal$ThreadLocalMap.getEntry(Ljava/lang/ThreadLocal;)Ljava/lang/ThreadLocal$ThreadLocalMap$Entry; @ 21 c2
Event: 0.208 Thread 0x000001b4ac746000 DEOPT PACKING pc=0x000001b4b7e7818c sp=0x0000007a789fbc60
Event: 0.208 Thread 0x000001b4ac746000 DEOPT UNPACKING pc=0x000001b4b03da1af sp=0x0000007a789fbba8 mode 2

Classes redefined (0 events):
No events

Internal exceptions (1 events):
Event: 0.208 Thread 0x000001b4ac746000 Implicit null exception at 0x000001b4b7e7807c to 0x000001b4b7e7816c

Events (20 events):
Event: 0.229 loading class org/apache/commons/codec/Encoder
Event: 0.229 loading class org/apache/commons/codec/Encoder done
Event: 0.229 loading class org/apache/commons/codec/BinaryDecoder
Event: 0.229 loading class org/apache/commons/codec/BinaryDecoder done
Event: 0.229 loading class org/apache/commons/codec/Decoder
Event: 0.229 loading class org/apache/commons/codec/Decoder done
Event: 0.230 loading class org/apache/commons/codec/EncoderException
Event: 0.230 loading class org/apache/commons/codec/EncoderException done
Event: 0.230 loading class org/apache/commons/codec/CodecPolicy
Event: 0.230 loading class org/apache/commons/codec/CodecPolicy done
Event: 0.231 loading class org/apache/xmlrpc/TypeDecoder
Event: 0.231 loading class org/apache/xmlrpc/TypeDecoder done
Event: 0.231 loading class org/apache/xmlrpc/DefaultTypeDecoder
Event: 0.231 loading class org/apache/xmlrpc/DefaultTypeDecoder done
Event: 0.232 loading class sun/nio/cs/UTF_8$Encoder
Event: 0.232 loading class sun/nio/cs/UTF_8$Encoder done
Event: 0.232 loading class java/nio/CharBuffer
Event: 0.232 loading class java/nio/CharBuffer done
Event: 0.232 loading class java/nio/HeapCharBuffer
Event: 0.232 Executing VM operation: CollectForMetadataAllocation


Dynamic libraries:
0x00007ff630c20000 - 0x00007ff630c2a000 	C:\Users\tessi\AppData\Local\JetBrains\Toolbox\apps\PhpStorm\ch-0\213.6777.58\jbr\bin\java.exe
0x00007ff85d3b0000 - 0x00007ff85d5a5000 	C:\windows\SYSTEM32\ntdll.dll
0x00007ff85c7f0000 - 0x00007ff85c8ae000 	C:\windows\System32\KERNEL32.DLL
0x00007ff85afe0000 - 0x00007ff85b2a8000 	C:\windows\System32\KERNELBASE.dll
0x00007ff85ab70000 - 0x00007ff85ac70000 	C:\windows\System32\ucrtbase.dll
0x00007ff8286b0000 - 0x00007ff8286c9000 	C:\Users\tessi\AppData\Local\JetBrains\Toolbox\apps\PhpStorm\ch-0\213.6777.58\jbr\bin\jli.dll
0x00007ff8286d0000 - 0x00007ff8286e7000 	C:\Users\tessi\AppData\Local\JetBrains\Toolbox\apps\PhpStorm\ch-0\213.6777.58\jbr\bin\VCRUNTIME140.dll
0x00007ff85c100000 - 0x00007ff85c2a0000 	C:\windows\System32\USER32.dll
0x00007ff84c8a0000 - 0x00007ff84cb3a000 	C:\windows\WinSxS\amd64_microsoft.windows.common-controls_6595b64144ccf1df_6.0.19041.1110_none_60b5254171f9507e\COMCTL32.dll
0x00007ff85ab40000 - 0x00007ff85ab62000 	C:\windows\System32\win32u.dll
0x00007ff85c060000 - 0x00007ff85c0fe000 	C:\windows\System32\msvcrt.dll
0x00007ff85cc50000 - 0x00007ff85cc7b000 	C:\windows\System32\GDI32.dll
0x00007ff85b300000 - 0x00007ff85b40b000 	C:\windows\System32\gdi32full.dll
0x00007ff85ac70000 - 0x00007ff85ad0d000 	C:\windows\System32\msvcp_win.dll
0x00007ff85c8c0000 - 0x00007ff85c8f0000 	C:\windows\System32\IMM32.DLL
0x00007fffa6440000 - 0x00007fffa64dd000 	C:\Users\tessi\AppData\Local\JetBrains\Toolbox\apps\PhpStorm\ch-0\213.6777.58\jbr\bin\msvcp140.dll
0x00007fffc69b0000 - 0x00007fffc7526000 	C:\Users\tessi\AppData\Local\JetBrains\Toolbox\apps\PhpStorm\ch-0\213.6777.58\jbr\bin\server\jvm.dll
0x00007ff85bdf0000 - 0x00007ff85be9e000 	C:\windows\System32\ADVAPI32.dll
0x00007ff85c580000 - 0x00007ff85c61c000 	C:\windows\System32\sechost.dll
0x00007ff85c2a0000 - 0x00007ff85c3c5000 	C:\windows\System32\RPCRT4.dll
0x00007ff85c8b0000 - 0x00007ff85c8b8000 	C:\windows\System32\PSAPI.DLL
0x00007ff845250000 - 0x00007ff845259000 	C:\windows\SYSTEM32\WSOCK32.dll
0x00007ff84ee90000 - 0x00007ff84eeb7000 	C:\windows\SYSTEM32\WINMM.dll
0x00007ff855810000 - 0x00007ff85581a000 	C:\windows\SYSTEM32\VERSION.dll
0x00007ff85cc80000 - 0x00007ff85cceb000 	C:\windows\System32\WS2_32.dll
0x00007ff8596a0000 - 0x00007ff8596b2000 	C:\windows\SYSTEM32\kernel.appcore.dll
0x00007ff856a80000 - 0x00007ff856a91000 	C:\Users\tessi\AppData\Local\JetBrains\Toolbox\apps\PhpStorm\ch-0\213.6777.58\jbr\bin\verify.dll
0x00007ff859140000 - 0x00007ff859324000 	C:\windows\SYSTEM32\DBGHELP.DLL
0x00007ff851e80000 - 0x00007ff851eac000 	C:\windows\SYSTEM32\dbgcore.DLL
0x00007ff85af50000 - 0x00007ff85afd2000 	C:\windows\System32\bcryptPrimitives.dll
0x00007ff856a40000 - 0x00007ff856a69000 	C:\Users\tessi\AppData\Local\JetBrains\Toolbox\apps\PhpStorm\ch-0\213.6777.58\jbr\bin\java.dll
0x00007ff857d40000 - 0x00007ff857d4b000 	C:\Users\tessi\AppData\Local\JetBrains\Toolbox\apps\PhpStorm\ch-0\213.6777.58\jbr\bin\jimage.dll
0x00007ff856a20000 - 0x00007ff856a38000 	C:\Users\tessi\AppData\Local\JetBrains\Toolbox\apps\PhpStorm\ch-0\213.6777.58\jbr\bin\zip.dll
0x00007ff85b520000 - 0x00007ff85bc64000 	C:\windows\System32\SHELL32.dll
0x00007ff8588d0000 - 0x00007ff859064000 	C:\windows\SYSTEM32\windows.storage.dll
0x00007ff85c8f0000 - 0x00007ff85cc44000 	C:\windows\System32\combase.dll
0x00007ff85a4d0000 - 0x00007ff85a4fc000 	C:\windows\SYSTEM32\Wldp.dll
0x00007ff85c740000 - 0x00007ff85c7ed000 	C:\windows\System32\SHCORE.dll
0x00007ff85b4a0000 - 0x00007ff85b4f5000 	C:\windows\System32\shlwapi.dll
0x00007ff85aa10000 - 0x00007ff85aa2f000 	C:\windows\SYSTEM32\profapi.dll
0x00007ff8569c0000 - 0x00007ff8569da000 	C:\Users\tessi\AppData\Local\JetBrains\Toolbox\apps\PhpStorm\ch-0\213.6777.58\jbr\bin\net.dll
0x00007ff854940000 - 0x00007ff854a49000 	C:\windows\SYSTEM32\WINHTTP.dll
0x00007ff85a230000 - 0x00007ff85a29a000 	C:\windows\system32\mswsock.dll
0x00007ff856950000 - 0x00007ff856964000 	C:\Users\tessi\AppData\Local\JetBrains\Toolbox\apps\PhpStorm\ch-0\213.6777.58\jbr\bin\nio.dll

dbghelp: loaded successfully - version: 4.0.5 - missing functions: none
symbol engine: initialized successfully - sym options: 0x614 - pdb path: .;C:\Users\tessi\AppData\Local\JetBrains\Toolbox\apps\PhpStorm\ch-0\213.6777.58\jbr\bin;C:\windows\SYSTEM32;C:\windows\WinSxS\amd64_microsoft.windows.common-controls_6595b64144ccf1df_6.0.19041.1110_none_60b5254171f9507e;C:\Users\tessi\AppData\Local\JetBrains\Toolbox\apps\PhpStorm\ch-0\213.6777.58\jbr\bin\server

VM Arguments:
java_command: git4idea.http.GitAskPassApp Username for 'https://github.com/TheoTessilimi/MyWebsite.git': 
java_class_path (initial): C:/Users/tessi/AppData/Local/JetBrains/Toolbox/apps/PhpStorm/ch-0/213.6777.58/plugins/git4idea/lib/git4idea-rt.jar;C:/Users/tessi/AppData/Local/JetBrains/Toolbox/apps/PhpStorm/ch-0/213.6777.58/lib/3rd-party.jar;C:/Users/tessi/AppData/Local/JetBrains/Toolbox/apps/PhpStorm/ch-0/213.6777.58/lib/3rd-party-rt.jar
Launcher Type: SUN_STANDARD

[Global flags]
     intx CICompilerCount                          = 4                                         {product} {ergonomic}
     uint ConcGCThreads                            = 2                                         {product} {ergonomic}
     uint G1ConcRefinementThreads                  = 8                                         {product} {ergonomic}
   size_t G1HeapRegionSize                         = 2097152                                   {product} {ergonomic}
    uintx GCDrainStackTargetSize                   = 64                                        {product} {ergonomic}
   size_t InitialHeapSize                          = 536870912                                 {product} {ergonomic}
   size_t MarkStackSize                            = 4194304                                   {product} {ergonomic}
   size_t MaxHeapSize                              = 8579448832                                {product} {ergonomic}
   size_t MaxNewSize                               = 5146411008                                {product} {ergonomic}
   size_t MinHeapDeltaBytes                        = 2097152                                   {product} {ergonomic}
    uintx NonNMethodCodeHeapSize                   = 5836300                                {pd product} {ergonomic}
    uintx NonProfiledCodeHeapSize                  = 122910970                              {pd product} {ergonomic}
    uintx ProfiledCodeHeapSize                     = 122910970                              {pd product} {ergonomic}
    uintx ReservedCodeCacheSize                    = 251658240                              {pd product} {ergonomic}
     bool SegmentedCodeCache                       = true                                      {product} {ergonomic}
     bool UseCompressedClassPointers               = true                                 {lp64_product} {ergonomic}
     bool UseCompressedOops                        = true                                 {lp64_product} {ergonomic}
     bool UseG1GC                                  = true                                      {product} {ergonomic}
     bool UseLargePagesIndividualAllocation        = false                                  {pd product} {ergonomic}

Logging:
Log output configuration:
 #0: stdout all=warning uptime,level,tags
 #1: stderr all=off uptime,level,tags

Environment Variables:
JAVA_HOME=B:\Java-JDK
PATH=B:/Environement/Git/mingw64/libexec/git-core;B:/Environement/Git/mingw64/libexec/git-core;B:\Environement\Git\mingw64\bin;B:\Environement\Git\usr\bin;C:\Users\tessi\bin;C:\Program Files (x86)\Common Files\Oracle\Java\javapath;C:\windows\system32;C:\windows;C:\windows\System32\Wbem;C:\windows\System32\WindowsPowerShell\v1.0\;C:\Program Files (x86)\NVIDIA Corporation\PhysX\Common;C:\WINDOWS\system32;C:\WINDOWS;C:\WINDOWS\System32\Wbem;C:\WINDOWS\System32\WindowsPowerShell\v1.0\;C:\WINDOWS\System32\OpenSSH\;C:\Program Files\dotnet\;C:\Program Files\NVIDIA Corporation\NVIDIA NvDLISR;C:\Program Files (x86)\dotnet\;B:\wamp64\bin\php\php8.1.0;B:\Environement\Git\cmd;B:\cmder;B:\ComposerSetup;B:\nodejs\;C:\Program Files\Docker\Docker\resources\bin;C:\ProgramData\DockerDesktop\version-bin;C:\Users\tessi\scoop\apps\yarn\current\global\node_modules\.bin;C:\Users\tessi\scoop\apps\yarn\current\bin;B:\wamp64\bin\php\php8.1.0\php.exe;C:\Program Files (x86)\Common Files\Oracle\Java\javapath;C:\windows\system32;C:\windows;C:\windows\System32\Wbem;C:\windows\System32\WindowsPowerShell\v1.0\;C:\Program Files (x86)\NVIDIA Corporation\PhysX\Common;C:\WINDOWS\system32;C:\WINDOWS;C:\WINDOWS\System32\Wbem;C:\WINDOWS\System32\WindowsPowerShell\v1.0\;C:\WINDOWS\System32\OpenSSH\;C:\Program Files\dotnet\;C:\Program Files\NVIDIA Corporation\NVIDIA NvDLISR;C:\Program Files (x86)\dotnet\;B:\Environement\Git\cmd;B:\cmder;B:\ComposerSetup;C:\Users\tessi\scoop\shims;C:\Users\tessi\AppData\Local\Microsoft\WindowsApps;A:\Microsoft VS Code\bin;C:\Users\tessi\AppData\Local\GitHubDesktop\bin;C:\Users\tessi\AppData\Roaming\Composer\vendor\bin;C:\Users\tessi\.platformsh\bin;C:\Users\tessi\AppData\Roaming\npm
USERNAME=Tho
DISPLAY=:0.0
LC_ALL=en_US.UTF-8
OS=Windows_NT
PROCESSOR_IDENTIFIER=Intel64 Family 6 Model 94 Stepping 3, GenuineIntel



---------------  S Y S T E M  ---------------

OS: Windows 10 , 64 bit Build 19041 (10.0.19041.1566)
OS uptime: 7 days 14:18 hours
Hyper-V role detected

CPU:total 8 (initial active 8) (4 cores per cpu, 2 threads per core) family 6 model 94 stepping 3 microcode 0xcc, cmov, cx8, fxsr, mmx, sse, sse2, sse3, ssse3, sse4.1, sse4.2, popcnt, avx, avx2, aes, clmul, erms, rtm, 3dnowpref, lzcnt, ht, tsc, tscinvbit, bmi1, bmi2, adx, fma

Memory: 4k page, system-wide physical 32727M (14652M free)
TotalPageFile size 87714M (AvailPageFile size 4M)
current process WorkingSet (physical memory assigned to process): 76M, peak: 76M
current process commit charge ("private bytes"): 611M, peak: 612M

vm_info: OpenJDK 64-Bit Server VM (11.0.13+7-b1751.25) for windows-amd64 JRE (11.0.13+7-b1751.25), built on Jan 13 2022 20:47:27 by "" with MS VC++ 14.0 (VS2015)

END.
